[0126/025122.395:ERROR:process_memory_win.cc(73)] ReadMemory at 0x27ccc8f0000 of 64 bytes failed: Only part of a ReadProcessMemory or WriteProcessMemory request was completed. (0x12B)
[0126/025122.397:WARNING:pe_image_reader.cc(340)] could not read dos header from C:\windows\System32\sechost.dll
[0126/025122.397:ERROR:process_memory_win.cc(73)] ReadMemory at 0x27ccc8f0000 of 64 bytes failed: Only part of a ReadProcessMemory or WriteProcessMemory request was completed. (0x12B)
[0126/025122.397:WARNING:pe_image_reader.cc(340)] could not read dos header from C:\windows\System32\sechost.dll
[0126/025122.399:ERROR:process_memory_win.cc(73)] ReadMemory at 0x27cccd3e880 of 72 bytes failed: Only part of a ReadProcessMemory or WriteProcessMemory request was completed. (0x12B)
[0126/025122.400:WARNING:pe_image_annotations_reader.cc(134)] could not read annotations list object in C:\Program Files (x86)\Google\Chrome\Application\79.0.3945.130\chrome_elf.dll
[0126/025122.400:ERROR:process_memory_win.cc(73)] ReadMemory at 0x7ffc43ba0000 of 64 bytes failed: Only part of a ReadProcessMemory or WriteProcessMemory request was completed. (0x12B)
[0126/025122.400:WARNING:pe_image_reader.cc(340)] could not read dos header from C:\Program Files (x86)\Google\Chrome\Application\79.0.3945.130\chrome_child.dll
[0126/025122.400:ERROR:process_memory_win.cc(73)] ReadMemory at 0x7ffc43ba0000 of 64 bytes failed: Only part of a ReadProcessMemory or WriteProcessMemory request was completed. (0x12B)
[0126/025122.401:WARNING:pe_image_reader.cc(340)] could not read dos header from C:\Program Files (x86)\Google\Chrome\Application\79.0.3945.130\chrome_child.dll
[0126/025122.517:ERROR:process_memory_win.cc(73)] ReadMemory at 0x7ff6cc9f0000 of 64 bytes failed: Only part of a ReadProcessMemory or WriteProcessMemory request was completed. (0x12B)
[0126/025122.517:WARNING:pe_image_reader.cc(340)] could not read dos header from C:\Program Files (x86)\Google\Chrome\Application\chrome.exe
[0126/025122.517:ERROR:process_memory_win.cc(73)] ReadMemory at 0x7ffcb34d0000 of 64 bytes failed: Only part of a ReadProcessMemory or WriteProcessMemory request was completed. (0x12B)
[0126/025122.517:WARNING:pe_image_reader.cc(340)] could not read dos header from C:\windows\SYSTEM32\ntdll.dll
[0126/025122.517:ERROR:process_memory_win.cc(73)] ReadMemory at 0x7ffcb3050000 of 64 bytes failed: Only part of a ReadProcessMemory or WriteProcessMemory request was completed. (0x12B)
[0126/025122.517:WARNING:pe_image_reader.cc(340)] could not read dos header from C:\windows\System32\KERNEL32.DLL
[0126/025122.517:ERROR:process_memory_win.cc(73)] ReadMemory at 0x7ffcaf800000 of 64 bytes failed: Only part of a ReadProcessMemory or WriteProcessMemory request was completed. (0x12B)
[0126/025122.517:WARNING:pe_image_reader.cc(340)] could not read dos header from C:\windows\System32\KERNELBASE.dll
[0126/025122.517:ERROR:process_memory_win.cc(73)] ReadMemory at 0x7ffc8a010000 of 64 bytes failed: Only part of a ReadProcessMemory or WriteProcessMemory request was completed. (0x12B)
[0126/025122.517:WARNING:pe_image_reader.cc(340)] could not read dos header from C:\Program Files\CyberArk\Endpoint Privilege Manager\Agent\x64\vf_inj.dll
[0126/025122.518:ERROR:process_memory_win.cc(73)] ReadMemory at 0x7ffcb2e50000 of 64 bytes failed: Only part of a ReadProcessMemory or WriteProcessMemory request was completed. (0x12B)
[0126/025122.518:WARNING:pe_image_reader.cc(340)] could not read dos header from C:\windows\System32\USER32.dll
[0126/025122.518:ERROR:process_memory_win.cc(73)] ReadMemory at 0x7ffcaf610000 of 64 bytes failed: Only part of a ReadProcessMemory or WriteProcessMemory request was completed. (0x12B)
[0126/025122.518:WARNING:pe_image_reader.cc(340)] could not read dos header from C:\windows\System32\win32u.dll
[0126/025122.518:ERROR:process_memory_win.cc(73)] ReadMemory at 0x7ffcb06f0000 of 64 bytes failed: Only part of a ReadProcessMemory or WriteProcessMemory request was completed. (0x12B)
[0126/025122.518:WARNING:pe_image_reader.cc(340)] could not read dos header from C:\windows\System32\GDI32.dll
[0126/025122.518:ERROR:process_memory_win.cc(73)] ReadMemory at 0x7ffcaf630000 of 64 bytes failed: Only part of a ReadProcessMemory or WriteProcessMemory request was completed. (0x12B)
[0126/025122.518:WARNING:pe_image_reader.cc(340)] could not read dos header from C:\windows\System32\gdi32full.dll
[0126/025122.518:ERROR:process_memory_win.cc(73)] ReadMemory at 0x7ffcafba0000 of 64 bytes failed: Only part of a ReadProcessMemory or WriteProcessMemory request was completed. (0x12B)
[0126/025122.518:WARNING:pe_image_reader.cc(340)] could not read dos header from C:\windows\System32\msvcp_win.dll
[0126/025122.519:ERROR:process_memory_win.cc(73)] ReadMemory at 0x7ffcb0570000 of 64 bytes failed: Only part of a ReadProcessMemory or WriteProcessMemory request was completed. (0x12B)
[0126/025122.519:WARNING:pe_image_reader.cc(340)] could not read dos header from C:\windows\System32\ucrtbase.dll
[0126/025122.519:ERROR:process_memory_win.cc(73)] ReadMemory at 0x7ffcb3350000 of 64 bytes failed: Only part of a ReadProcessMemory or WriteProcessMemory request was completed. (0x12B)
[0126/025122.519:WARNING:pe_image_reader.cc(340)] could not read dos header from C:\windows\System32\ADVAPI32.dll
[0126/025122.519:ERROR:process_memory_win.cc(73)] ReadMemory at 0x7ffcb2840000 of 64 bytes failed: Only part of a ReadProcessMemory or WriteProcessMemory request was completed. (0x12B)
[0126/025122.519:WARNING:pe_image_reader.cc(340)] could not read dos header from C:\windows\System32\msvcrt.dll
[0126/025122.519:ERROR:process_memory_win.cc(73)] ReadMemory at 0x27ccc8f0000 of 64 bytes failed: Only part of a ReadProcessMemory or WriteProcessMemory request was completed. (0x12B)
[0126/025122.519:WARNING:pe_image_reader.cc(340)] could not read dos header from C:\windows\System32\sechost.dll
[0126/025122.519:ERROR:process_memory_win.cc(73)] ReadMemory at 0x7ffcb2a10000 of 64 bytes failed: Only part of a ReadProcessMemory or WriteProcessMemory request was completed. (0x12B)
[0126/025122.519:WARNING:pe_image_reader.cc(340)] could not read dos header from C:\windows\System32\RPCRT4.dll
[0126/025122.519:ERROR:process_memory_win.cc(73)] ReadMemory at 0x7ffcb21c0000 of 64 bytes failed: Only part of a ReadProcessMemory or WriteProcessMemory request was completed. (0x12B)
[0126/025122.519:WARNING:pe_image_reader.cc(340)] could not read dos header from C:\windows\System32\ole32.dll
[0126/025122.519:ERROR:process_memory_win.cc(73)] ReadMemory at 0x7ffcb2510000 of 64 bytes failed: Only part of a ReadProcessMemory or WriteProcessMemory request was completed. (0x12B)
[0126/025122.519:WARNING:pe_image_reader.cc(340)] could not read dos header from C:\windows\System32\combase.dll
[0126/025122.519:ERROR:process_memory_win.cc(73)] ReadMemory at 0x7ffcb0670000 of 64 bytes failed: Only part of a ReadProcessMemory or WriteProcessMemory request was completed. (0x12B)
[0126/025122.520:WARNING:pe_image_reader.cc(340)] could not read dos header from C:\windows\System32\bcryptPrimitives.dll
[0126/025122.520:ERROR:process_memory_win.cc(73)] ReadMemory at 0x7ffcb0c40000 of 64 bytes failed: Only part of a ReadProcessMemory or WriteProcessMemory request was completed. (0x12B)
[0126/025122.520:WARNING:pe_image_reader.cc(340)] could not read dos header from C:\windows\System32\SHELL32.dll
[0126/025122.520:ERROR:process_memory_win.cc(73)] ReadMemory at 0x7ffcafb50000 of 64 bytes failed: Only part of a ReadProcessMemory or WriteProcessMemory request was completed. (0x12B)
[0126/025122.520:WARNING:pe_image_reader.cc(340)] could not read dos header from C:\windows\System32\cfgmgr32.dll
[0126/025122.520:ERROR:process_memory_win.cc(73)] ReadMemory at 0x7ffcb2c90000 of 64 bytes failed: Only part of a ReadProcessMemory or WriteProcessMemory request was completed. (0x12B)
[0126/025122.520:WARNING:pe_image_reader.cc(340)] could not read dos header from C:\windows\System32\shcore.dll
[0126/025122.520:ERROR:process_memory_win.cc(73)] ReadMemory at 0x7ffcafc40000 of 64 bytes failed: Only part of a ReadProcessMemory or WriteProcessMemory request was completed. (0x12B)
[0126/025122.520:WARNING:pe_image_reader.cc(340)] could not read dos header from C:\windows\System32\windows.storage.dll
[0126/025122.520:ERROR:process_memory_win.cc(73)] ReadMemory at 0x7ffcaf540000 of 64 bytes failed: Only part of a ReadProcessMemory or WriteProcessMemory request was completed. (0x12B)
[0126/025122.520:WARNING:pe_image_reader.cc(340)] could not read dos header from C:\windows\System32\profapi.dll
[0126/025122.520:ERROR:process_memory_win.cc(73)] ReadMemory at 0x7ffcaf4c0000 of 64 bytes failed: Only part of a ReadProcessMemory or WriteProcessMemory request was completed. (0x12B)
[0126/025122.520:WARNING:pe_image_reader.cc(340)] could not read dos header from C:\windows\System32\powrprof.dll
[0126/025122.520:ERROR:process_memory_win.cc(73)] ReadMemory at 0x7ffcb2b50000 of 64 bytes failed: Only part of a ReadProcessMemory or WriteProcessMemory request was completed. (0x12B)
[0126/025122.520:WARNING:pe_image_reader.cc(340)] could not read dos header from C:\windows\System32\shlwapi.dll
[0126/025122.521:ERROR:process_memory_win.cc(73)] ReadMemory at 0x7ffcaf520000 of 64 bytes failed: Only part of a ReadProcessMemory or WriteProcessMemory request was completed. (0x12B)
[0126/025122.521:WARNING:pe_image_reader.cc(340)] could not read dos header from C:\windows\System32\kernel.appcore.dll
[0126/025122.521:ERROR:process_memory_win.cc(73)] ReadMemory at 0x7ffcaf590000 of 64 bytes failed: Only part of a ReadProcessMemory or WriteProcessMemory request was completed. (0x12B)
[0126/025122.521:WARNING:pe_image_reader.cc(340)] could not read dos header from C:\windows\System32\cryptsp.dll
[0126/025122.521:ERROR:process_memory_win.cc(73)] ReadMemory at 0x7ffcaf3f0000 of 64 bytes failed: Only part of a ReadProcessMemory or WriteProcessMemory request was completed. (0x12B)
[0126/025122.521:WARNING:pe_image_reader.cc(340)] could not read dos header from C:\windows\SYSTEM32\USERENV.dll
[0126/025122.521:ERROR:process_memory_win.cc(73)] ReadMemory at 0x7ffc8bf90000 of 64 bytes failed: Only part of a ReadProcessMemory or WriteProcessMemory request was completed. (0x12B)
[0126/025122.521:WARNING:pe_image_reader.cc(340)] could not read dos header from C:\Program Files (x86)\Google\Chrome\Application\79.0.3945.130\chrome_elf.dll
[0126/025122.521:ERROR:process_memory_win.cc(73)] ReadMemory at 0x7ffcad490000 of 64 bytes failed: Only part of a ReadProcessMemory or WriteProcessMemory request was completed. (0x12B)
[0126/025122.521:WARNING:pe_image_reader.cc(340)] could not read dos header from C:\windows\SYSTEM32\VERSION.dll
[0126/025122.521:ERROR:process_memory_win.cc(73)] ReadMemory at 0x7ffcb2320000 of 64 bytes failed: Only part of a ReadProcessMemory or WriteProcessMemory request was completed. (0x12B)
[0126/025122.521:WARNING:pe_image_reader.cc(340)] could not read dos header from C:\windows\System32\IMM32.DLL
[0126/025122.521:ERROR:process_memory_win.cc(73)] ReadMemory at 0x7ffc43ba0000 of 64 bytes failed: Only part of a ReadProcessMemory or WriteProcessMemory request was completed. (0x12B)
[0126/025122.521:WARNING:pe_image_reader.cc(340)] could not read dos header from C:\Program Files (x86)\Google\Chrome\Application\79.0.3945.130\chrome_child.dll
[0126/025122.521:ERROR:process_memory_win.cc(73)] ReadMemory at 0x7ffcb2bb0000 of 64 bytes failed: Only part of a ReadProcessMemory or WriteProcessMemory request was completed. (0x12B)
[0126/025122.522:WARNING:pe_image_reader.cc(340)] could not read dos header from C:\windows\System32\OLEAUT32.dll
[0126/025122.522:ERROR:process_memory_win.cc(73)] ReadMemory at 0x7ffcb3280000 of 64 bytes failed: Only part of a ReadProcessMemory or WriteProcessMemory request was completed. (0x12B)
[0126/025122.522:WARNING:pe_image_reader.cc(340)] could not read dos header from C:\windows\System32\WS2_32.dll
[0126/025122.522:ERROR:process_memory_win.cc(73)] ReadMemory at 0x7ffcaf5b0000 of 64 bytes failed: Only part of a ReadProcessMemory or WriteProcessMemory request was completed. (0x12B)
[0126/025122.522:WARNING:pe_image_reader.cc(340)] could not read dos header from C:\windows\System32\WINTRUST.dll
[0126/025122.522:ERROR:process_memory_win.cc(73)] ReadMemory at 0x7ffcaf570000 of 64 bytes failed: Only part of a ReadProcessMemory or WriteProcessMemory request was completed. (0x12B)
[0126/025122.522:WARNING:pe_image_reader.cc(340)] could not read dos header from C:\windows\System32\MSASN1.dll
[0126/025122.522:ERROR:process_memory_win.cc(73)] ReadMemory at 0x7ffcb0390000 of 64 bytes failed: Only part of a ReadProcessMemory or WriteProcessMemory request was completed. (0x12B)
[0126/025122.522:WARNING:pe_image_reader.cc(340)] could not read dos header from C:\windows\System32\CRYPT32.dll
[0126/025122.522:ERROR:process_memory_win.cc(73)] ReadMemory at 0x7ffcae5d0000 of 64 bytes failed: Only part of a ReadProcessMemory or WriteProcessMemory request was completed. (0x12B)
[0126/025122.522:WARNING:pe_image_reader.cc(340)] could not read dos header from C:\windows\SYSTEM32\IPHLPAPI.DLL
[0126/025122.522:ERROR:process_memory_win.cc(73)] ReadMemory at 0x7ffcab640000 of 64 bytes failed: Only part of a ReadProcessMemory or WriteProcessMemory request was completed. (0x12B)
[0126/025122.522:WARNING:pe_image_reader.cc(340)] could not read dos header from C:\windows\SYSTEM32\WINMM.dll
[0126/025122.522:ERROR:process_memory_win.cc(73)] ReadMemory at 0x7ffc9ae00000 of 64 bytes failed: Only part of a ReadProcessMemory or WriteProcessMemory request was completed. (0x12B)
[0126/025122.522:WARNING:pe_image_reader.cc(340)] could not read dos header from C:\windows\SYSTEM32\DWrite.dll
[0126/025122.522:ERROR:process_memory_win.cc(73)] ReadMemory at 0x7ffc9fa90000 of 64 bytes failed: Only part of a ReadProcessMemory or WriteProcessMemory request was completed. (0x12B)
[0126/025122.523:WARNING:pe_image_reader.cc(340)] could not read dos header from C:\windows\SYSTEM32\WINSPOOL.DRV
[0126/025122.523:ERROR:process_memory_win.cc(73)] ReadMemory at 0x7ffcaf7d0000 of 64 bytes failed: Only part of a ReadProcessMemory or WriteProcessMemory request was completed. (0x12B)
[0126/025122.523:WARNING:pe_image_reader.cc(340)] could not read dos header from C:\windows\System32\bcrypt.dll
[0126/025122.523:ERROR:process_memory_win.cc(73)] ReadMemory at 0x7ffcaf000000 of 64 bytes failed: Only part of a ReadProcessMemory or WriteProcessMemory request was completed. (0x12B)
[0126/025122.523:WARNING:pe_image_reader.cc(340)] could not read dos header from C:\windows\SYSTEM32\dbghelp.dll
[0126/025122.523:ERROR:process_memory_win.cc(73)] ReadMemory at 0x7ffcad4c0000 of 64 bytes failed: Only part of a ReadProcessMemory or WriteProcessMemory request was completed. (0x12B)
[0126/025122.523:WARNING:pe_image_reader.cc(340)] could not read dos header from C:\windows\SYSTEM32\Secur32.dll
[0126/025122.523:ERROR:process_memory_win.cc(73)] ReadMemory at 0x7ffcaa490000 of 64 bytes failed: Only part of a ReadProcessMemory or WriteProcessMemory request was completed. (0x12B)
[0126/025122.523:WARNING:pe_image_reader.cc(340)] could not read dos header from C:\windows\SYSTEM32\WINHTTP.dll
[0126/025122.523:ERROR:process_memory_win.cc(73)] ReadMemory at 0x7ffca6870000 of 64 bytes failed: Only part of a ReadProcessMemory or WriteProcessMemory request was completed. (0x12B)
[0126/025122.523:WARNING:pe_image_reader.cc(340)] could not read dos header from C:\windows\SYSTEM32\dhcpcsvc.DLL
[0126/025122.523:ERROR:process_memory_win.cc(73)] ReadMemory at 0x7ffcb2b40000 of 64 bytes failed: Only part of a ReadProcessMemory or WriteProcessMemory request was completed. (0x12B)
[0126/025122.523:WARNING:pe_image_reader.cc(340)] could not read dos header from C:\windows\System32\NSI.dll
[0126/025122.523:ERROR:process_memory_win.cc(73)] ReadMemory at 0x7ffcab610000 of 64 bytes failed: Only part of a ReadProcessMemory or WriteProcessMemory request was completed. (0x12B)
[0126/025122.523:WARNING:pe_image_reader.cc(340)] could not read dos header from C:\windows\SYSTEM32\WINMMBASE.dll
[0126/025122.523:ERROR:process_memory_win.cc(73)] ReadMemory at 0x7ffcaae70000 of 64 bytes failed: Only part of a ReadProcessMemory or WriteProcessMemory request was completed. (0x12B)
[0126/025122.523:WARNING:pe_image_reader.cc(340)] could not read dos header from C:\windows\SYSTEM32\PROPSYS.dll
[0126/025122.524:ERROR:process_memory_win.cc(73)] ReadMemory at 0x7ffcaf3c0000 of 64 bytes failed: Only part of a ReadProcessMemory or WriteProcessMemory request was completed. (0x12B)
[0126/025122.524:WARNING:pe_image_reader.cc(340)] could not read dos header from C:\windows\SYSTEM32\SSPICLI.DLL
[0126/025122.524:ERROR:process_memory_win.cc(73)] ReadMemory at 0x7ffcaea20000 of 64 bytes failed: Only part of a ReadProcessMemory or WriteProcessMemory request was completed. (0x12B)
[0126/025122.524:WARNING:pe_image_reader.cc(340)] could not read dos header from C:\windows\SYSTEM32\CRYPTBASE.DLL
[0126/025122.524:ERROR:process_memory_win.cc(73)] ReadMemory at 0x7ff6cc9f0000 of 64 bytes failed: Only part of a ReadProcessMemory or WriteProcessMemory request was completed. (0x12B)
[0126/025122.524:WARNING:pe_image_reader.cc(340)] could not read dos header from C:\Program Files (x86)\Google\Chrome\Application\chrome.exe
[0126/025122.524:ERROR:process_memory_win.cc(73)] ReadMemory at 0x7ffcb34d0000 of 64 bytes failed: Only part of a ReadProcessMemory or WriteProcessMemory request was completed. (0x12B)
[0126/025122.524:WARNING:pe_image_reader.cc(340)] could not read dos header from C:\windows\SYSTEM32\ntdll.dll
[0126/025122.524:ERROR:process_memory_win.cc(73)] ReadMemory at 0x7ffcb3050000 of 64 bytes failed: Only part of a ReadProcessMemory or WriteProcessMemory request was completed. (0x12B)
[0126/025122.524:WARNING:pe_image_reader.cc(340)] could not read dos header from C:\windows\System32\KERNEL32.DLL
[0126/025122.524:ERROR:process_memory_win.cc(73)] ReadMemory at 0x7ffcaf800000 of 64 bytes failed: Only part of a ReadProcessMemory or WriteProcessMemory request was completed. (0x12B)
[0126/025122.524:WARNING:pe_image_reader.cc(340)] could not read dos header from C:\windows\System32\KERNELBASE.dll
[0126/025122.524:ERROR:process_memory_win.cc(73)] ReadMemory at 0x7ffc8a010000 of 64 bytes failed: Only part of a ReadProcessMemory or WriteProcessMemory request was completed. (0x12B)
[0126/025122.524:WARNING:pe_image_reader.cc(340)] could not read dos header from C:\Program Files\CyberArk\Endpoint Privilege Manager\Agent\x64\vf_inj.dll
[0126/025122.524:ERROR:process_memory_win.cc(73)] ReadMemory at 0x7ffcb2e50000 of 64 bytes failed: Only part of a ReadProcessMemory or WriteProcessMemory request was completed. (0x12B)
[0126/025122.524:WARNING:pe_image_reader.cc(340)] could not read dos header from C:\windows\System32\USER32.dll
[0126/025122.524:ERROR:process_memory_win.cc(73)] ReadMemory at 0x7ffcaf610000 of 64 bytes failed: Only part of a ReadProcessMemory or WriteProcessMemory request was completed. (0x12B)
[0126/025122.524:WARNING:pe_image_reader.cc(340)] could not read dos header from C:\windows\System32\win32u.dll
[0126/025122.524:ERROR:process_memory_win.cc(73)] ReadMemory at 0x7ffcb06f0000 of 64 bytes failed: Only part of a ReadProcessMemory or WriteProcessMemory request was completed. (0x12B)
[0126/025122.525:WARNING:pe_image_reader.cc(340)] could not read dos header from C:\windows\System32\GDI32.dll
[0126/025122.525:ERROR:process_memory_win.cc(73)] ReadMemory at 0x7ffcaf630000 of 64 bytes failed: Only part of a ReadProcessMemory or WriteProcessMemory request was completed. (0x12B)
[0126/025122.525:WARNING:pe_image_reader.cc(340)] could not read dos header from C:\windows\System32\gdi32full.dll
[0126/025122.525:ERROR:process_memory_win.cc(73)] ReadMemory at 0x7ffcafba0000 of 64 bytes failed: Only part of a ReadProcessMemory or WriteProcessMemory request was completed. (0x12B)
[0126/025122.525:WARNING:pe_image_reader.cc(340)] could not read dos header from C:\windows\System32\msvcp_win.dll
[0126/025122.525:ERROR:process_memory_win.cc(73)] ReadMemory at 0x7ffcb0570000 of 64 bytes failed: Only part of a ReadProcessMemory or WriteProcessMemory request was completed. (0x12B)
[0126/025122.525:WARNING:pe_image_reader.cc(340)] could not read dos header from C:\windows\System32\ucrtbase.dll
[0126/025122.525:ERROR:process_memory_win.cc(73)] ReadMemory at 0x7ffcb3350000 of 64 bytes failed: Only part of a ReadProcessMemory or WriteProcessMemory request was completed. (0x12B)
[0126/025122.525:WARNING:pe_image_reader.cc(340)] could not read dos header from C:\windows\System32\ADVAPI32.dll
[0126/025122.525:ERROR:process_memory_win.cc(73)] ReadMemory at 0x7ffcb2840000 of 64 bytes failed: Only part of a ReadProcessMemory or WriteProcessMemory request was completed. (0x12B)
[0126/025122.525:WARNING:pe_image_reader.cc(340)] could not read dos header from C:\windows\System32\msvcrt.dll
[0126/025122.525:ERROR:process_memory_win.cc(73)] ReadMemory at 0x27ccc8f0000 of 64 bytes failed: Only part of a ReadProcessMemory or WriteProcessMemory request was completed. (0x12B)
[0126/025122.525:WARNING:pe_image_reader.cc(340)] could not read dos header from C:\windows\System32\sechost.dll
[0126/025122.525:ERROR:process_memory_win.cc(73)] ReadMemory at 0x7ffcb2a10000 of 64 bytes failed: Only part of a ReadProcessMemory or WriteProcessMemory request was completed. (0x12B)
[0126/025122.525:WARNING:pe_image_reader.cc(340)] could not read dos header from C:\windows\System32\RPCRT4.dll
[0126/025122.525:ERROR:process_memory_win.cc(73)] ReadMemory at 0x7ffcb21c0000 of 64 bytes failed: Only part of a ReadProcessMemory or WriteProcessMemory request was completed. (0x12B)
[0126/025122.525:WARNING:pe_image_reader.cc(340)] could not read dos header from C:\windows\System32\ole32.dll
[0126/025122.525:ERROR:process_memory_win.cc(73)] ReadMemory at 0x7ffcb2510000 of 64 bytes failed: Only part of a ReadProcessMemory or WriteProcessMemory request was completed. (0x12B)
[0126/025122.525:WARNING:pe_image_reader.cc(340)] could not read dos header from C:\windows\System32\combase.dll
[0126/025122.526:ERROR:process_memory_win.cc(73)] ReadMemory at 0x7ffcb0670000 of 64 bytes failed: Only part of a ReadProcessMemory or WriteProcessMemory request was completed. (0x12B)
[0126/025122.526:WARNING:pe_image_reader.cc(340)] could not read dos header from C:\windows\System32\bcryptPrimitives.dll
[0126/025122.526:ERROR:process_memory_win.cc(73)] ReadMemory at 0x7ffcb0c40000 of 64 bytes failed: Only part of a ReadProcessMemory or WriteProcessMemory request was completed. (0x12B)
[0126/025122.526:WARNING:pe_image_reader.cc(340)] could not read dos header from C:\windows\System32\SHELL32.dll
[0126/025122.526:ERROR:process_memory_win.cc(73)] ReadMemory at 0x7ffcafb50000 of 64 bytes failed: Only part of a ReadProcessMemory or WriteProcessMemory request was completed. (0x12B)
[0126/025122.526:WARNING:pe_image_reader.cc(340)] could not read dos header from C:\windows\System32\cfgmgr32.dll
[0126/025122.526:ERROR:process_memory_win.cc(73)] ReadMemory at 0x7ffcb2c90000 of 64 bytes failed: Only part of a ReadProcessMemory or WriteProcessMemory request was completed. (0x12B)
[0126/025122.526:WARNING:pe_image_reader.cc(340)] could not read dos header from C:\windows\System32\shcore.dll
[0126/025122.526:ERROR:process_memory_win.cc(73)] ReadMemory at 0x7ffcafc40000 of 64 bytes failed: Only part of a ReadProcessMemory or WriteProcessMemory request was completed. (0x12B)
[0126/025122.526:WARNING:pe_image_reader.cc(340)] could not read dos header from C:\windows\System32\windows.storage.dll
[0126/025122.526:ERROR:process_memory_win.cc(73)] ReadMemory at 0x7ffcaf540000 of 64 bytes failed: Only part of a ReadProcessMemory or WriteProcessMemory request was completed. (0x12B)
[0126/025122.526:WARNING:pe_image_reader.cc(340)] could not read dos header from C:\windows\System32\profapi.dll
[0126/025122.526:ERROR:process_memory_win.cc(73)] ReadMemory at 0x7ffcaf4c0000 of 64 bytes failed: Only part of a ReadProcessMemory or WriteProcessMemory request was completed. (0x12B)
[0126/025122.526:WARNING:pe_image_reader.cc(340)] could not read dos header from C:\windows\System32\powrprof.dll
[0126/025122.526:ERROR:process_memory_win.cc(73)] ReadMemory at 0x7ffcb2b50000 of 64 bytes failed: Only part of a ReadProcessMemory or WriteProcessMemory request was completed. (0x12B)
[0126/025122.526:WARNING:pe_image_reader.cc(340)] could not read dos header from C:\windows\System32\shlwapi.dll
[0126/025122.526:ERROR:process_memory_win.cc(73)] ReadMemory at 0x7ffcaf520000 of 64 bytes failed: Only part of a ReadProcessMemory or WriteProcessMemory request was completed. (0x12B)
[0126/025122.526:WARNING:pe_image_reader.cc(340)] could not read dos header from C:\windows\System32\kernel.appcore.dll
[0126/025122.527:ERROR:process_memory_win.cc(73)] ReadMemory at 0x7ffcaf590000 of 64 bytes failed: Only part of a ReadProcessMemory or WriteProcessMemory request was completed. (0x12B)
[0126/025122.527:WARNING:pe_image_reader.cc(340)] could not read dos header from C:\windows\System32\cryptsp.dll
[0126/025122.527:ERROR:process_memory_win.cc(73)] ReadMemory at 0x7ffcaf3f0000 of 64 bytes failed: Only part of a ReadProcessMemory or WriteProcessMemory request was completed. (0x12B)
[0126/025122.527:WARNING:pe_image_reader.cc(340)] could not read dos header from C:\windows\SYSTEM32\USERENV.dll
[0126/025122.527:ERROR:process_memory_win.cc(73)] ReadMemory at 0x7ffc8bf90000 of 64 bytes failed: Only part of a ReadProcessMemory or WriteProcessMemory request was completed. (0x12B)
[0126/025122.527:WARNING:pe_image_reader.cc(340)] could not read dos header from C:\Program Files (x86)\Google\Chrome\Application\79.0.3945.130\chrome_elf.dll
[0126/025122.527:ERROR:process_memory_win.cc(73)] ReadMemory at 0x7ffcad490000 of 64 bytes failed: Only part of a ReadProcessMemory or WriteProcessMemory request was completed. (0x12B)
[0126/025122.527:WARNING:pe_image_reader.cc(340)] could not read dos header from C:\windows\SYSTEM32\VERSION.dll
[0126/025122.527:ERROR:process_memory_win.cc(73)] ReadMemory at 0x7ffcb2320000 of 64 bytes failed: Only part of a ReadProcessMemory or WriteProcessMemory request was completed. (0x12B)
[0126/025122.527:WARNING:pe_image_reader.cc(340)] could not read dos header from C:\windows\System32\IMM32.DLL
[0126/025122.527:ERROR:process_memory_win.cc(73)] ReadMemory at 0x7ffc43ba0000 of 64 bytes failed: Only part of a ReadProcessMemory or WriteProcessMemory request was completed. (0x12B)
[0126/025122.527:WARNING:pe_image_reader.cc(340)] could not read dos header from C:\Program Files (x86)\Google\Chrome\Application\79.0.3945.130\chrome_child.dll
[0126/025122.527:ERROR:process_memory_win.cc(73)] ReadMemory at 0x7ffcb2bb0000 of 64 bytes failed: Only part of a ReadProcessMemory or WriteProcessMemory request was completed. (0x12B)
[0126/025122.527:WARNING:pe_image_reader.cc(340)] could not read dos header from C:\windows\System32\OLEAUT32.dll
[0126/025122.527:ERROR:process_memory_win.cc(73)] ReadMemory at 0x7ffcb3280000 of 64 bytes failed: Only part of a ReadProcessMemory or WriteProcessMemory request was completed. (0x12B)
[0126/025122.527:WARNING:pe_image_reader.cc(340)] could not read dos header from C:\windows\System32\WS2_32.dll
[0126/025122.527:ERROR:process_memory_win.cc(73)] ReadMemory at 0x7ffcaf5b0000 of 64 bytes failed: Only part of a ReadProcessMemory or WriteProcessMemory request was completed. (0x12B)
[0126/025122.527:WARNING:pe_image_reader.cc(340)] could not read dos header from C:\windows\System32\WINTRUST.dll
[0126/025122.527:ERROR:process_memory_win.cc(73)] ReadMemory at 0x7ffcaf570000 of 64 bytes failed: Only part of a ReadProcessMemory or WriteProcessMemory request was completed. (0x12B)
[0126/025122.527:WARNING:pe_image_reader.cc(340)] could not read dos header from C:\windows\System32\MSASN1.dll
[0126/025122.528:ERROR:process_memory_win.cc(73)] ReadMemory at 0x7ffcb0390000 of 64 bytes failed: Only part of a ReadProcessMemory or WriteProcessMemory request was completed. (0x12B)
[0126/025122.528:WARNING:pe_image_reader.cc(340)] could not read dos header from C:\windows\System32\CRYPT32.dll
[0126/025122.528:ERROR:process_memory_win.cc(73)] ReadMemory at 0x7ffcae5d0000 of 64 bytes failed: Only part of a ReadProcessMemory or WriteProcessMemory request was completed. (0x12B)
[0126/025122.528:WARNING:pe_image_reader.cc(340)] could not read dos header from C:\windows\SYSTEM32\IPHLPAPI.DLL
[0126/025122.528:ERROR:process_memory_win.cc(73)] ReadMemory at 0x7ffcab640000 of 64 bytes failed: Only part of a ReadProcessMemory or WriteProcessMemory request was completed. (0x12B)
[0126/025122.528:WARNING:pe_image_reader.cc(340)] could not read dos header from C:\windows\SYSTEM32\WINMM.dll
[0126/025122.528:ERROR:process_memory_win.cc(73)] ReadMemory at 0x7ffc9ae00000 of 64 bytes failed: Only part of a ReadProcessMemory or WriteProcessMemory request was completed. (0x12B)
[0126/025122.528:WARNING:pe_image_reader.cc(340)] could not read dos header from C:\windows\SYSTEM32\DWrite.dll
[0126/025122.528:ERROR:process_memory_win.cc(73)] ReadMemory at 0x7ffc9fa90000 of 64 bytes failed: Only part of a ReadProcessMemory or WriteProcessMemory request was completed. (0x12B)
[0126/025122.528:WARNING:pe_image_reader.cc(340)] could not read dos header from C:\windows\SYSTEM32\WINSPOOL.DRV
[0126/025122.528:ERROR:process_memory_win.cc(73)] ReadMemory at 0x7ffcaf7d0000 of 64 bytes failed: Only part of a ReadProcessMemory or WriteProcessMemory request was completed. (0x12B)
[0126/025122.528:WARNING:pe_image_reader.cc(340)] could not read dos header from C:\windows\System32\bcrypt.dll
[0126/025122.528:ERROR:process_memory_win.cc(73)] ReadMemory at 0x7ffcaf000000 of 64 bytes failed: Only part of a ReadProcessMemory or WriteProcessMemory request was completed. (0x12B)
[0126/025122.528:WARNING:pe_image_reader.cc(340)] could not read dos header from C:\windows\SYSTEM32\dbghelp.dll
[0126/025122.528:ERROR:process_memory_win.cc(73)] ReadMemory at 0x7ffcad4c0000 of 64 bytes failed: Only part of a ReadProcessMemory or WriteProcessMemory request was completed. (0x12B)
[0126/025122.528:WARNING:pe_image_reader.cc(340)] could not read dos header from C:\windows\SYSTEM32\Secur32.dll
[0126/025122.528:ERROR:process_memory_win.cc(73)] ReadMemory at 0x7ffcaa490000 of 64 bytes failed: Only part of a ReadProcessMemory or WriteProcessMemory request was completed. (0x12B)
[0126/025122.528:WARNING:pe_image_reader.cc(340)] could not read dos header from C:\windows\SYSTEM32\WINHTTP.dll
[0126/025122.528:ERROR:process_memory_win.cc(73)] ReadMemory at 0x7ffca6870000 of 64 bytes failed: Only part of a ReadProcessMemory or WriteProcessMemory request was completed. (0x12B)
[0126/025122.529:WARNING:pe_image_reader.cc(340)] could not read dos header from C:\windows\SYSTEM32\dhcpcsvc.DLL
[0126/025122.529:ERROR:process_memory_win.cc(73)] ReadMemory at 0x7ffcb2b40000 of 64 bytes failed: Only part of a ReadProcessMemory or WriteProcessMemory request was completed. (0x12B)
[0126/025122.529:WARNING:pe_image_reader.cc(340)] could not read dos header from C:\windows\System32\NSI.dll
[0126/025122.529:ERROR:process_memory_win.cc(73)] ReadMemory at 0x7ffcab610000 of 64 bytes failed: Only part of a ReadProcessMemory or WriteProcessMemory request was completed. (0x12B)
[0126/025122.529:WARNING:pe_image_reader.cc(340)] could not read dos header from C:\windows\SYSTEM32\WINMMBASE.dll
[0126/025122.529:ERROR:process_memory_win.cc(73)] ReadMemory at 0x7ffcaae70000 of 64 bytes failed: Only part of a ReadProcessMemory or WriteProcessMemory request was completed. (0x12B)
[0126/025122.529:WARNING:pe_image_reader.cc(340)] could not read dos header from C:\windows\SYSTEM32\PROPSYS.dll
[0126/025122.529:ERROR:process_memory_win.cc(73)] ReadMemory at 0x7ffcaf3c0000 of 64 bytes failed: Only part of a ReadProcessMemory or WriteProcessMemory request was completed. (0x12B)
[0126/025122.529:WARNING:pe_image_reader.cc(340)] could not read dos header from C:\windows\SYSTEM32\SSPICLI.DLL
[0126/025122.529:ERROR:process_memory_win.cc(73)] ReadMemory at 0x7ffcaea20000 of 64 bytes failed: Only part of a ReadProcessMemory or WriteProcessMemory request was completed. (0x12B)
[0126/025122.529:WARNING:pe_image_reader.cc(340)] could not read dos header from C:\windows\SYSTEM32\CRYPTBASE.DLL
[0126/025122.559:ERROR:process_memory_win.cc(73)] ReadMemory at 0xc65e7f9000 of 28672 bytes failed: Only part of a ReadProcessMemory or WriteProcessMemory request was completed. (0x12B)
[0126/025122.559:ERROR:process_memory_win.cc(73)] ReadMemory at 0xc65effd000 of 12288 bytes failed: Only part of a ReadProcessMemory or WriteProcessMemory request was completed. (0x12B)
[0126/025122.559:ERROR:process_memory_win.cc(73)] ReadMemory at 0xc65fffd000 of 12288 bytes failed: Only part of a ReadProcessMemory or WriteProcessMemory request was completed. (0x12B)
[0126/025122.559:ERROR:process_memory_win.cc(73)] ReadMemory at 0xc6607fc000 of 16384 bytes failed: Only part of a ReadProcessMemory or WriteProcessMemory request was completed. (0x12B)
[0126/025122.560:ERROR:process_memory_win.cc(73)] ReadMemory at 0xc660ffe000 of 8192 bytes failed: Only part of a ReadProcessMemory or WriteProcessMemory request was completed. (0x12B)
[0126/025122.560:ERROR:process_memory_win.cc(73)] ReadMemory at 0xc6617fd000 of 12288 bytes failed: Only part of a ReadProcessMemory or WriteProcessMemory request was completed. (0x12B)
[0126/025122.560:ERROR:process_memory_win.cc(73)] ReadMemory at 0xc661ffd000 of 12288 bytes failed: Only part of a ReadProcessMemory or WriteProcessMemory request was completed. (0x12B)
[0126/025122.560:ERROR:process_memory_win.cc(73)] ReadMemory at 0xc662ffd000 of 12288 bytes failed: Only part of a ReadProcessMemory or WriteProcessMemory request was completed. (0x12B)
[0126/025122.560:ERROR:process_memory_win.cc(73)] ReadMemory at 0xc6637fd000 of 12288 bytes failed: Only part of a ReadProcessMemory or WriteProcessMemory request was completed. (0x12B)
[0126/025122.560:ERROR:process_memory_win.cc(73)] ReadMemory at 0xc663ffd000 of 12288 bytes failed: Only part of a ReadProcessMemory or WriteProcessMemory request was completed. (0x12B)
[0126/025122.560:ERROR:process_memory_win.cc(73)] ReadMemory at 0xc6647fd000 of 12288 bytes failed: Only part of a ReadProcessMemory or WriteProcessMemory request was completed. (0x12B)
[0126/025122.561:ERROR:process_memory_win.cc(73)] ReadMemory at 0xc664ffd000 of 12288 bytes failed: Only part of a ReadProcessMemory or WriteProcessMemory request was completed. (0x12B)
[0126/025122.561:ERROR:process_memory_win.cc(73)] ReadMemory at 0xc6657fd000 of 12288 bytes failed: Only part of a ReadProcessMemory or WriteProcessMemory request was completed. (0x12B)
[0126/025122.561:ERROR:process_memory_win.cc(73)] ReadMemory at 0xc65f7fd000 of 12288 bytes failed: Only part of a ReadProcessMemory or WriteProcessMemory request was completed. (0x12B)
[0126/025122.561:ERROR:process_memory_win.cc(73)] ReadMemory at 0xc65ded9000 of 852 bytes failed: Only part of a ReadProcessMemory or WriteProcessMemory request was completed. (0x12B)
[0126/025122.561:ERROR:process_memory_win.cc(73)] ReadMemory at 0xc65deda000 of 6024 bytes failed: Only part of a ReadProcessMemory or WriteProcessMemory request was completed. (0x12B)
[0126/025122.561:ERROR:process_memory_win.cc(73)] ReadMemory at 0xc65dedc000 of 6024 bytes failed: Only part of a ReadProcessMemory or WriteProcessMemory request was completed. (0x12B)
[0126/025122.562:ERROR:process_memory_win.cc(73)] ReadMemory at 0xc65dee0000 of 6024 bytes failed: Only part of a ReadProcessMemory or WriteProcessMemory request was completed. (0x12B)
[0126/025122.562:ERROR:process_memory_win.cc(73)] ReadMemory at 0xc65dee2000 of 6024 bytes failed: Only part of a ReadProcessMemory or WriteProcessMemory request was completed. (0x12B)
[0126/025122.562:ERROR:process_memory_win.cc(73)] ReadMemory at 0xc65dee4000 of 6024 bytes failed: Only part of a ReadProcessMemory or WriteProcessMemory request was completed. (0x12B)
[0126/025122.562:ERROR:process_memory_win.cc(73)] ReadMemory at 0xc65dee6000 of 6024 bytes failed: Only part of a ReadProcessMemory or WriteProcessMemory request was completed. (0x12B)
[0126/025122.562:ERROR:process_memory_win.cc(73)] ReadMemory at 0xc65deea000 of 6024 bytes failed: Only part of a ReadProcessMemory or WriteProcessMemory request was completed. (0x12B)
[0126/025122.562:ERROR:process_memory_win.cc(73)] ReadMemory at 0xc65deee000 of 6024 bytes failed: Only part of a ReadProcessMemory or WriteProcessMemory request was completed. (0x12B)
[0126/025122.563:ERROR:process_memory_win.cc(73)] ReadMemory at 0xc65def0000 of 6024 bytes failed: Only part of a ReadProcessMemory or WriteProcessMemory request was completed. (0x12B)
[0126/025122.563:ERROR:process_memory_win.cc(73)] ReadMemory at 0xc65def2000 of 6024 bytes failed: Only part of a ReadProcessMemory or WriteProcessMemory request was completed. (0x12B)
[0126/025122.563:ERROR:process_memory_win.cc(73)] ReadMemory at 0xc65def4000 of 6024 bytes failed: Only part of a ReadProcessMemory or WriteProcessMemory request was completed. (0x12B)
[0126/025122.563:ERROR:process_memory_win.cc(73)] ReadMemory at 0xc65def6000 of 6024 bytes failed: Only part of a ReadProcessMemory or WriteProcessMemory request was completed. (0x12B)
[0126/025122.563:ERROR:process_memory_win.cc(73)] ReadMemory at 0xc65def8000 of 6024 bytes failed: Only part of a ReadProcessMemory or WriteProcessMemory request was completed. (0x12B)
[0126/025122.564:ERROR:process_memory_win.cc(73)] ReadMemory at 0xc65df04000 of 6024 bytes failed: Only part of a ReadProcessMemory or WriteProcessMemory request was completed. (0x12B)
[0126/025122.564:ERROR:process_memory_win.cc(73)] ReadMemory at 0x27ccc7f608c of 512 bytes failed: Only part of a ReadProcessMemory or WriteProcessMemory request was completed. (0x12B)
[0126/025122.564:ERROR:process_memory_win.cc(73)] ReadMemory at 0x27ccc7f65e0 of 1012 bytes failed: Only part of a ReadProcessMemory or WriteProcessMemory request was completed. (0x12B)
[0126/025122.564:ERROR:process_memory_win.cc(73)] ReadMemory at 0x27ccc7f6c08 of 118 bytes failed: Only part of a ReadProcessMemory or WriteProcessMemory request was completed. (0x12B)
[0126/025122.564:ERROR:process_memory_win.cc(73)] ReadMemory at 0x27ccc7f6c80 of 862 bytes failed: Only part of a ReadProcessMemory or WriteProcessMemory request was completed. (0x12B)
[0126/025122.564:ERROR:process_memory_win.cc(73)] ReadMemory at 0x27ccc7f6fe0 of 118 bytes failed: Only part of a ReadProcessMemory or WriteProcessMemory request was completed. (0x12B)
[0126/025122.564:ERROR:process_memory_win.cc(73)] ReadMemory at 0x27ccc7f7058 of 96 bytes failed: Only part of a ReadProcessMemory or WriteProcessMemory request was completed. (0x12B)
[0126/025122.564:ERROR:process_memory_win.cc(73)] ReadMemory at 0x27ccc7f70d0 of 58 bytes failed: Only part of a ReadProcessMemory or WriteProcessMemory request was completed. (0x12B)
[0126/025122.564:ERROR:process_memory_win.cc(73)] ReadMemory at 0x27ccc7f71d0 of 132 bytes failed: Only part of a ReadProcessMemory or WriteProcessMemory request was completed. (0x12B)
[0126/025122.564:ERROR:process_memory_win.cc(73)] ReadMemory at 0x27ccc7f7360 of 132 bytes failed: Only part of a ReadProcessMemory or WriteProcessMemory request was completed. (0x12B)
[0126/025122.565:ERROR:process_memory_win.cc(73)] ReadMemory at 0x27ccc7f7520 of 126 bytes failed: Only part of a ReadProcessMemory or WriteProcessMemory request was completed. (0x12B)
[0126/025122.565:ERROR:process_memory_win.cc(73)] ReadMemory at 0x27ccc7f7900 of 132 bytes failed: Only part of a ReadProcessMemory or WriteProcessMemory request was completed. (0x12B)
[0126/025122.565:ERROR:process_memory_win.cc(73)] ReadMemory at 0x27ccc7f7a90 of 64 bytes failed: Only part of a ReadProcessMemory or WriteProcessMemory request was completed. (0x12B)
[0126/025122.565:ERROR:process_memory_win.cc(73)] ReadMemory at 0x27ccc7f7c40 of 132 bytes failed: Only part of a ReadProcessMemory or WriteProcessMemory request was completed. (0x12B)
[0126/025122.565:ERROR:process_memory_win.cc(73)] ReadMemory at 0x27ccc7f7e00 of 146 bytes failed: Only part of a ReadProcessMemory or WriteProcessMemory request was completed. (0x12B)
[0126/025122.565:ERROR:process_memory_win.cc(73)] ReadMemory at 0x27ccc7f7ef0 of 132 bytes failed: Only part of a ReadProcessMemory or WriteProcessMemory request was completed. (0x12B)
[0126/025122.565:ERROR:process_memory_win.cc(73)] ReadMemory at 0x27ccc7f8080 of 68 bytes failed: Only part of a ReadProcessMemory or WriteProcessMemory request was completed. (0x12B)
[0126/025122.565:ERROR:process_memory_win.cc(73)] ReadMemory at 0x27ccc7f9a10 of 132 bytes failed: Only part of a ReadProcessMemory or WriteProcessMemory request was completed. (0x12B)
[0126/025122.565:ERROR:process_memory_win.cc(73)] ReadMemory at 0x27ccc7f9ba0 of 60 bytes failed: Only part of a ReadProcessMemory or WriteProcessMemory request was completed. (0x12B)
[0126/025122.565:ERROR:process_memory_win.cc(73)] ReadMemory at 0x27ccc7f9e40 of 132 bytes failed: Only part of a ReadProcessMemory or WriteProcessMemory request was completed. (0x12B)
[0126/025122.566:ERROR:process_memory_win.cc(73)] ReadMemory at 0x27ccc7f9fd0 of 60 bytes failed: Only part of a ReadProcessMemory or WriteProcessMemory request was completed. (0x12B)
[0126/025122.566:ERROR:process_memory_win.cc(73)] ReadMemory at 0x27ccc7fa130 of 132 bytes failed: Only part of a ReadProcessMemory or WriteProcessMemory request was completed. (0x12B)
[0126/025122.566:ERROR:process_memory_win.cc(73)] ReadMemory at 0x27ccc7fa2c0 of 58 bytes failed: Only part of a ReadProcessMemory or WriteProcessMemory request was completed. (0x12B)
[0126/025122.566:ERROR:process_memory_win.cc(73)] ReadMemory at 0x27ccc7fa4c0 of 132 bytes failed: Only part of a ReadProcessMemory or WriteProcessMemory request was completed. (0x12B)
[0126/025122.566:ERROR:process_memory_win.cc(73)] ReadMemory at 0x27ccc7fa650 of 66 bytes failed: Only part of a ReadProcessMemory or WriteProcessMemory request was completed. (0x12B)
[0126/025122.566:ERROR:process_memory_win.cc(73)] ReadMemory at 0x27ccc7fa910 of 132 bytes failed: Only part of a ReadProcessMemory or WriteProcessMemory request was completed. (0x12B)
[0126/025122.567:ERROR:process_memory_win.cc(73)] ReadMemory at 0x27ccc7faaa0 of 66 bytes failed: Only part of a ReadProcessMemory or WriteProcessMemory request was completed. (0x12B)
[0126/025122.567:ERROR:process_memory_win.cc(73)] ReadMemory at 0x27ccc7fad10 of 132 bytes failed: Only part of a ReadProcessMemory or WriteProcessMemory request was completed. (0x12B)
[0126/025122.567:ERROR:process_memory_win.cc(73)] ReadMemory at 0x27ccc7faea0 of 64 bytes failed: Only part of a ReadProcessMemory or WriteProcessMemory request was completed. (0x12B)
[0126/025122.567:ERROR:process_memory_win.cc(73)] ReadMemory at 0x27ccc7fb1b0 of 132 bytes failed: Only part of a ReadProcessMemory or WriteProcessMemory request was completed. (0x12B)
[0126/025122.567:ERROR:process_memory_win.cc(73)] ReadMemory at 0x27ccc7fb340 of 64 bytes failed: Only part of a ReadProcessMemory or WriteProcessMemory request was completed. (0x12B)
[0126/025122.567:ERROR:process_memory_win.cc(73)] ReadMemory at 0x27ccc7fd990 of 132 bytes failed: Only part of a ReadProcessMemory or WriteProcessMemory request was completed. (0x12B)
[0126/025122.567:ERROR:process_memory_win.cc(73)] ReadMemory at 0x27ccc7fdb20 of 60 bytes failed: Only part of a ReadProcessMemory or WriteProcessMemory request was completed. (0x12B)
[0126/025122.568:ERROR:process_memory_win.cc(73)] ReadMemory at 0x27ccc7fdb70 of 158 bytes failed: Only part of a ReadProcessMemory or WriteProcessMemory request was completed. (0x12B)
[0126/025122.568:ERROR:process_memory_win.cc(73)] ReadMemory at 0x27ccc7fe550 of 132 bytes failed: Only part of a ReadProcessMemory or WriteProcessMemory request was completed. (0x12B)
[0126/025122.568:ERROR:process_memory_win.cc(73)] ReadMemory at 0x27ccc7fe780 of 62 bytes failed: Only part of a ReadProcessMemory or WriteProcessMemory request was completed. (0x12B)
[0126/025122.568:ERROR:process_memory_win.cc(73)] ReadMemory at 0x27ccc7fe8c0 of 62 bytes failed: Only part of a ReadProcessMemory or WriteProcessMemory request was completed. (0x12B)
[0126/025122.568:ERROR:process_memory_win.cc(73)] ReadMemory at 0x27ccc7fe910 of 60 bytes failed: Only part of a ReadProcessMemory or WriteProcessMemory request was completed. (0x12B)
[0126/025122.568:ERROR:process_memory_win.cc(73)] ReadMemory at 0x27ccc7fe960 of 62 bytes failed: Only part of a ReadProcessMemory or WriteProcessMemory request was completed. (0x12B)
[0126/025122.568:ERROR:process_memory_win.cc(73)] ReadMemory at 0x27ccc7fe9b0 of 60 bytes failed: Only part of a ReadProcessMemory or WriteProcessMemory request was completed. (0x12B)
[0126/025122.568:ERROR:process_memory_win.cc(73)] ReadMemory at 0x27ccc7fea50 of 58 bytes failed: Only part of a ReadProcessMemory or WriteProcessMemory request was completed. (0x12B)
[0126/025122.568:ERROR:process_memory_win.cc(73)] ReadMemory at 0x27ccc7feaa0 of 64 bytes failed: Only part of a ReadProcessMemory or WriteProcessMemory request was completed. (0x12B)
[0126/025122.569:ERROR:process_memory_win.cc(73)] ReadMemory at 0x27ccc7feaf0 of 62 bytes failed: Only part of a ReadProcessMemory or WriteProcessMemory request was completed. (0x12B)
[0126/025122.569:ERROR:process_memory_win.cc(73)] ReadMemory at 0x27ccc7feb90 of 62 bytes failed: Only part of a ReadProcessMemory or WriteProcessMemory request was completed. (0x12B)
[0126/025122.569:ERROR:process_memory_win.cc(73)] ReadMemory at 0x27ccc7fec30 of 62 bytes failed: Only part of a ReadProcessMemory or WriteProcessMemory request was completed. (0x12B)
[0126/025122.569:ERROR:process_memory_win.cc(73)] ReadMemory at 0x27ccc7fecd0 of 62 bytes failed: Only part of a ReadProcessMemory or WriteProcessMemory request was completed. (0x12B)
[0126/025122.569:ERROR:process_memory_win.cc(73)] ReadMemory at 0x27ccc7fed70 of 62 bytes failed: Only part of a ReadProcessMemory or WriteProcessMemory request was completed. (0x12B)
[0126/025122.569:ERROR:process_memory_win.cc(73)] ReadMemory at 0x27ccc7fedc0 of 64 bytes failed: Only part of a ReadProcessMemory or WriteProcessMemory request was completed. (0x12B)
[0126/025122.569:ERROR:process_memory_win.cc(73)] ReadMemory at 0x27ccc7ff0d0 of 132 bytes failed: Only part of a ReadProcessMemory or WriteProcessMemory request was completed. (0x12B)
[0126/025122.569:ERROR:process_memory_win.cc(73)] ReadMemory at 0x27ccc7ff370 of 80 bytes failed: Only part of a ReadProcessMemory or WriteProcessMemory request was completed. (0x12B)
[0126/025122.569:ERROR:process_memory_win.cc(73)] ReadMemory at 0x27ccc7ff6d0 of 76 bytes failed: Only part of a ReadProcessMemory or WriteProcessMemory request was completed. (0x12B)
[0126/025122.569:ERROR:process_memory_win.cc(73)] ReadMemory at 0x27ccc7ff850 of 78 bytes failed: Only part of a ReadProcessMemory or WriteProcessMemory request was completed. (0x12B)
[0126/025122.570:ERROR:process_memory_win.cc(73)] ReadMemory at 0x27ccc7ffbd0 of 132 bytes failed: Only part of a ReadProcessMemory or WriteProcessMemory request was completed. (0x12B)
[0126/025122.570:ERROR:process_memory_win.cc(73)] ReadMemory at 0x27ccc800030 of 132 bytes failed: Only part of a ReadProcessMemory or WriteProcessMemory request was completed. (0x12B)
[0126/025122.570:ERROR:process_memory_win.cc(73)] ReadMemory at 0x27ccc800450 of 132 bytes failed: Only part of a ReadProcessMemory or WriteProcessMemory request was completed. (0x12B)
[0126/025122.570:ERROR:process_memory_win.cc(73)] ReadMemory at 0x27ccc800580 of 132 bytes failed: Only part of a ReadProcessMemory or WriteProcessMemory request was completed. (0x12B)
[0126/025122.570:ERROR:process_memory_win.cc(73)] ReadMemory at 0x27ccc8006b0 of 132 bytes failed: Only part of a ReadProcessMemory or WriteProcessMemory request was completed. (0x12B)
[0126/025122.570:ERROR:process_memory_win.cc(73)] ReadMemory at 0x27ccc8007e0 of 132 bytes failed: Only part of a ReadProcessMemory or WriteProcessMemory request was completed. (0x12B)
[0126/025122.570:ERROR:process_memory_win.cc(73)] ReadMemory at 0x27ccc800910 of 132 bytes failed: Only part of a ReadProcessMemory or WriteProcessMemory request was completed. (0x12B)
[0126/025122.570:ERROR:process_memory_win.cc(73)] ReadMemory at 0x27ccc800a40 of 132 bytes failed: Only part of a ReadProcessMemory or WriteProcessMemory request was completed. (0x12B)
[0126/025122.570:ERROR:process_memory_win.cc(73)] ReadMemory at 0x27ccc800b70 of 132 bytes failed: Only part of a ReadProcessMemory or WriteProcessMemory request was completed. (0x12B)
[0126/025122.571:ERROR:process_memory_win.cc(73)] ReadMemory at 0x27ccc800ca0 of 132 bytes failed: Only part of a ReadProcessMemory or WriteProcessMemory request was completed. (0x12B)
[0126/025122.571:ERROR:process_memory_win.cc(73)] ReadMemory at 0x27ccc800dd0 of 132 bytes failed: Only part of a ReadProcessMemory or WriteProcessMemory request was completed. (0x12B)
[0126/025122.571:ERROR:process_memory_win.cc(73)] ReadMemory at 0x27ccc800f00 of 132 bytes failed: Only part of a ReadProcessMemory or WriteProcessMemory request was completed. (0x12B)
[0126/025122.571:ERROR:process_memory_win.cc(73)] ReadMemory at 0x27ccc801030 of 132 bytes failed: Only part of a ReadProcessMemory or WriteProcessMemory request was completed. (0x12B)
[0126/025122.571:ERROR:process_memory_win.cc(73)] ReadMemory at 0x27ccc801160 of 132 bytes failed: Only part of a ReadProcessMemory or WriteProcessMemory request was completed. (0x12B)
[0126/025122.571:ERROR:process_memory_win.cc(73)] ReadMemory at 0x27ccc801290 of 132 bytes failed: Only part of a ReadProcessMemory or WriteProcessMemory request was completed. (0x12B)
[0126/025122.571:ERROR:process_memory_win.cc(73)] ReadMemory at 0x27ccc806960 of 512 bytes failed: Only part of a ReadProcessMemory or WriteProcessMemory request was completed. (0x12B)
[0126/025122.571:ERROR:process_memory_win.cc(73)] ReadMemory at 0x27ccc806ca0 of 154 bytes failed: Only part of a ReadProcessMemory or WriteProcessMemory request was completed. (0x12B)
[0126/025122.572:ERROR:process_memory_win.cc(73)] ReadMemory at 0x27ccc8070c0 of 132 bytes failed: Only part of a ReadProcessMemory or WriteProcessMemory request was completed. (0x12B)
[0126/025122.572:ERROR:process_memory_win.cc(73)] ReadMemory at 0x27ccc8071f0 of 132 bytes failed: Only part of a ReadProcessMemory or WriteProcessMemory request was completed. (0x12B)
[0126/025122.572:ERROR:process_memory_win.cc(73)] ReadMemory at 0x27ccc807320 of 132 bytes failed: Only part of a ReadProcessMemory or WriteProcessMemory request was completed. (0x12B)
[0126/025122.572:ERROR:process_memory_win.cc(73)] ReadMemory at 0x27ccc807450 of 132 bytes failed: Only part of a ReadProcessMemory or WriteProcessMemory request was completed. (0x12B)
[0126/025122.572:ERROR:process_memory_win.cc(73)] ReadMemory at 0x27ccc807580 of 132 bytes failed: Only part of a ReadProcessMemory or WriteProcessMemory request was completed. (0x12B)
[0126/025122.572:ERROR:process_memory_win.cc(73)] ReadMemory at 0x27ccc8076b0 of 132 bytes failed: Only part of a ReadProcessMemory or WriteProcessMemory request was completed. (0x12B)
[0126/025122.572:ERROR:process_memory_win.cc(73)] ReadMemory at 0x27ccc8077e0 of 132 bytes failed: Only part of a ReadProcessMemory or WriteProcessMemory request was completed. (0x12B)
[0126/025122.572:ERROR:process_memory_win.cc(73)] ReadMemory at 0x27ccc807910 of 132 bytes failed: Only part of a ReadProcessMemory or WriteProcessMemory request was completed. (0x12B)
[0126/025122.572:ERROR:process_memory_win.cc(73)] ReadMemory at 0x27ccc807a40 of 132 bytes failed: Only part of a ReadProcessMemory or WriteProcessMemory request was completed. (0x12B)
[0126/025122.572:ERROR:process_memory_win.cc(73)] ReadMemory at 0x27ccc807b70 of 132 bytes failed: Only part of a ReadProcessMemory or WriteProcessMemory request was completed. (0x12B)
[0126/025122.572:ERROR:process_memory_win.cc(73)] ReadMemory at 0x27ccc807dd0 of 132 bytes failed: Only part of a ReadProcessMemory or WriteProcessMemory request was completed. (0x12B)
[0126/025122.572:ERROR:process_memory_win.cc(73)] ReadMemory at 0x27ccc807f00 of 132 bytes failed: Only part of a ReadProcessMemory or WriteProcessMemory request was completed. (0x12B)
[0126/025122.573:ERROR:process_memory_win.cc(73)] ReadMemory at 0x27ccc808030 of 132 bytes failed: Only part of a ReadProcessMemory or WriteProcessMemory request was completed. (0x12B)
[0126/025122.573:ERROR:process_memory_win.cc(73)] ReadMemory at 0x27ccc808160 of 132 bytes failed: Only part of a ReadProcessMemory or WriteProcessMemory request was completed. (0x12B)
[0126/025122.573:ERROR:process_memory_win.cc(73)] ReadMemory at 0x27ccc808880 of 132 bytes failed: Only part of a ReadProcessMemory or WriteProcessMemory request was completed. (0x12B)
[0126/025122.573:ERROR:process_memory_win.cc(73)] ReadMemory at 0x27ccc8089b0 of 132 bytes failed: Only part of a ReadProcessMemory or WriteProcessMemory request was completed. (0x12B)
[0126/025122.573:ERROR:process_memory_win.cc(73)] ReadMemory at 0x27ccc808ae0 of 132 bytes failed: Only part of a ReadProcessMemory or WriteProcessMemory request was completed. (0x12B)
[0126/025122.573:ERROR:process_memory_win.cc(73)] ReadMemory at 0x27ccc808c10 of 132 bytes failed: Only part of a ReadProcessMemory or WriteProcessMemory request was completed. (0x12B)
[0126/025122.574:ERROR:process_memory_win.cc(73)] ReadMemory at 0x27ccc808d40 of 132 bytes failed: Only part of a ReadProcessMemory or WriteProcessMemory request was completed. (0x12B)
[0126/025122.574:ERROR:process_memory_win.cc(73)] ReadMemory at 0x27ccc808e70 of 132 bytes failed: Only part of a ReadProcessMemory or WriteProcessMemory request was completed. (0x12B)
[0126/025122.574:ERROR:process_memory_win.cc(73)] ReadMemory at 0x27ccc813810 of 58 bytes failed: Only part of a ReadProcessMemory or WriteProcessMemory request was completed. (0x12B)
[0126/025122.574:ERROR:process_memory_win.cc(73)] ReadMemory at 0x27ccc81be40 of 66 bytes failed: Only part of a ReadProcessMemory or WriteProcessMemory request was completed. (0x12B)
[0126/025122.574:ERROR:process_memory_win.cc(73)] ReadMemory at 0x27ccc82c650 of 60 bytes failed: Only part of a ReadProcessMemory or WriteProcessMemory request was completed. (0x12B)
[0126/025122.574:ERROR:process_memory_win.cc(73)] ReadMemory at 0x27ccc82c6f0 of 64 bytes failed: Only part of a ReadProcessMemory or WriteProcessMemory request was completed. (0x12B)
[0126/025122.574:ERROR:process_memory_win.cc(73)] ReadMemory at 0x27ccc82c740 of 58 bytes failed: Only part of a ReadProcessMemory or WriteProcessMemory request was completed. (0x12B)
[0126/025122.574:ERROR:process_memory_win.cc(73)] ReadMemory at 0x27ccc82c8d0 of 60 bytes failed: Only part of a ReadProcessMemory or WriteProcessMemory request was completed. (0x12B)
[0126/025122.574:ERROR:process_memory_win.cc(73)] ReadMemory at 0x27ccc82c920 of 64 bytes failed: Only part of a ReadProcessMemory or WriteProcessMemory request was completed. (0x12B)
[0126/025122.574:ERROR:process_memory_win.cc(73)] ReadMemory at 0x27ccc82ca60 of 64 bytes failed: Only part of a ReadProcessMemory or WriteProcessMemory request was completed. (0x12B)
[0126/025122.574:ERROR:process_memory_win.cc(73)] ReadMemory at 0x27ccc82cba0 of 62 bytes failed: Only part of a ReadProcessMemory or WriteProcessMemory request was completed. (0x12B)
[0126/025122.574:ERROR:process_memory_win.cc(73)] ReadMemory at 0x27ccc82cd80 of 60 bytes failed: Only part of a ReadProcessMemory or WriteProcessMemory request was completed. (0x12B)
[0126/025122.575:ERROR:process_memory_win.cc(73)] ReadMemory at 0x27ccc82cdd0 of 62 bytes failed: Only part of a ReadProcessMemory or WriteProcessMemory request was completed. (0x12B)
[0126/025122.575:ERROR:process_memory_win.cc(73)] ReadMemory at 0x27ccc82ce70 of 62 bytes failed: Only part of a ReadProcessMemory or WriteProcessMemory request was completed. (0x12B)
[0126/025122.575:ERROR:process_memory_win.cc(73)] ReadMemory at 0x27ccc82cf60 of 64 bytes failed: Only part of a ReadProcessMemory or WriteProcessMemory request was completed. (0x12B)
[0126/025122.575:ERROR:process_memory_win.cc(73)] ReadMemory at 0x27ccc82cfb0 of 60 bytes failed: Only part of a ReadProcessMemory or WriteProcessMemory request was completed. (0x12B)
[0126/025122.575:ERROR:process_memory_win.cc(73)] ReadMemory at 0x27ccc82d0a0 of 62 bytes failed: Only part of a ReadProcessMemory or WriteProcessMemory request was completed. (0x12B)
[0126/025122.575:ERROR:process_memory_win.cc(73)] ReadMemory at 0x27ccc82d0f0 of 64 bytes failed: Only part of a ReadProcessMemory or WriteProcessMemory request was completed. (0x12B)
[0126/025122.575:ERROR:process_memory_win.cc(73)] ReadMemory at 0x27ccc82df70 of 54 bytes failed: Only part of a ReadProcessMemory or WriteProcessMemory request was completed. (0x12B)
[0126/025122.575:ERROR:process_memory_win.cc(73)] ReadMemory at 0x27ccc837de0 of 62 bytes failed: Only part of a ReadProcessMemory or WriteProcessMemory request was completed. (0x12B)
[0126/025122.575:ERROR:process_memory_win.cc(73)] ReadMemory at 0x27ccc8380b0 of 62 bytes failed: Only part of a ReadProcessMemory or WriteProcessMemory request was completed. (0x12B)
[0126/025122.575:ERROR:process_memory_win.cc(73)] ReadMemory at 0x27ccc83bf80 of 22008 bytes failed: Only part of a ReadProcessMemory or WriteProcessMemory request was completed. (0x12B)
[0126/025122.575:ERROR:process_memory_win.cc(73)] ReadMemory at 0x27ccc84b850 of 512 bytes failed: Only part of a ReadProcessMemory or WriteProcessMemory request was completed. (0x12B)
[0126/025122.575:ERROR:process_memory_win.cc(73)] ReadMemory at 0x27cccf0f600 of 512 bytes failed: Only part of a ReadProcessMemory or WriteProcessMemory request was completed. (0x12B)
[0126/025122.576:ERROR:process_memory_win.cc(73)] ReadMemory at 0x27cccf25180 of 512 bytes failed: Only part of a ReadProcessMemory or WriteProcessMemory request was completed. (0x12B)
[0126/025122.576:ERROR:process_memory_win.cc(73)] ReadMemory at 0x27cccf56ce0 of 712 bytes failed: Only part of a ReadProcessMemory or WriteProcessMemory request was completed. (0x12B)
[0126/025122.576:ERROR:process_memory_win.cc(73)] ReadMemory at 0x27cccf96878 of 512 bytes failed: Only part of a ReadProcessMemory or WriteProcessMemory request was completed. (0x12B)
[0126/025122.576:ERROR:process_memory_win.cc(73)] ReadMemory at 0x27cced7b200 of 512 bytes failed: Only part of a ReadProcessMemory or WriteProcessMemory request was completed. (0x12B)
[0126/025122.576:ERROR:process_memory_win.cc(73)] ReadMemory at 0x27ccedc6ef8 of 800 bytes failed: Only part of a ReadProcessMemory or WriteProcessMemory request was completed. (0x12B)
[0126/025122.576:ERROR:process_memory_win.cc(73)] ReadMemory at 0x27ccedc7378 of 656 bytes failed: Only part of a ReadProcessMemory or WriteProcessMemory request was completed. (0x12B)
[0126/025122.576:ERROR:process_memory_win.cc(73)] ReadMemory at 0x27ccedc87b8 of 512 bytes failed: Only part of a ReadProcessMemory or WriteProcessMemory request was completed. (0x12B)
[0126/025122.576:ERROR:process_memory_win.cc(73)] ReadMemory at 0x27ccedcdcd0 of 512 bytes failed: Only part of a ReadProcessMemory or WriteProcessMemory request was completed. (0x12B)
[0126/025122.576:ERROR:process_memory_win.cc(73)] ReadMemory at 0x27ccedcff50 of 512 bytes failed: Only part of a ReadProcessMemory or WriteProcessMemory request was completed. (0x12B)
[0126/025122.576:ERROR:process_memory_win.cc(73)] ReadMemory at 0x27ccedfe3b0 of 512 bytes failed: Only part of a ReadProcessMemory or WriteProcessMemory request was completed. (0x12B)
[0126/025122.576:ERROR:process_memory_win.cc(73)] ReadMemory at 0x27ccef2e060 of 512 bytes failed: Only part of a ReadProcessMemory or WriteProcessMemory request was completed. (0x12B)
[0126/025122.576:ERROR:process_memory_win.cc(73)] ReadMemory at 0x27ccf380710 of 512 bytes failed: Only part of a ReadProcessMemory or WriteProcessMemory request was completed. (0x12B)
[0126/025122.577:ERROR:process_memory_win.cc(73)] ReadMemory at 0x27ccf38d9f0 of 512 bytes failed: Only part of a ReadProcessMemory or WriteProcessMemory request was completed. (0x12B)
[0126/025122.577:ERROR:process_memory_win.cc(73)] ReadMemory at 0x29d753314300 of 520 bytes failed: Only part of a ReadProcessMemory or WriteProcessMemory request was completed. (0x12B)
[0126/025122.577:ERROR:process_memory_win.cc(73)] ReadMemory at 0x7ffc4565f0ec of 512 bytes failed: Only part of a ReadProcessMemory or WriteProcessMemory request was completed. (0x12B)
[0126/025122.577:ERROR:process_memory_win.cc(73)] ReadMemory at 0x7ffc45dce9d8 of 553 bytes failed: Only part of a ReadProcessMemory or WriteProcessMemory request was completed. (0x12B)
[0126/025122.577:ERROR:process_memory_win.cc(73)] ReadMemory at 0x7ffc461ab352 of 512 bytes failed: Only part of a ReadProcessMemory or WriteProcessMemory request was completed. (0x12B)
[0126/025122.577:ERROR:process_memory_win.cc(73)] ReadMemory at 0x7ffcb351ff00 of 512 bytes failed: Only part of a ReadProcessMemory or WriteProcessMemory request was completed. (0x12B)
[0126/025122.577:ERROR:process_memory_win.cc(73)] ReadMemory at 0x7ffcb356f764 of 672 bytes failed: Only part of a ReadProcessMemory or WriteProcessMemory request was completed. (0x12B)
[0126/025122.577:ERROR:process_memory_win.cc(73)] ReadMemory at 0x7ffcb356fd64 of 512 bytes failed: Only part of a ReadProcessMemory or WriteProcessMemory request was completed. (0x12B)
[0126/025122.578:ERROR:process_memory_win.cc(73)] ReadMemory at 0x7ffcb3572ff4 of 608 bytes failed: Only part of a ReadProcessMemory or WriteProcessMemory request was completed. (0x12B)
[0126/025122.578:ERROR:process_memory_win.cc(73)] ReadMemory at 0x7ffcb35fc0c8 of 18 bytes failed: Only part of a ReadProcessMemory or WriteProcessMemory request was completed. (0x12B)
[0126/025122.578:ERROR:process_memory_win.cc(73)] ReadMemory at 0x7ffcb362f4f8 of 40 bytes failed: Only part of a ReadProcessMemory or WriteProcessMemory request was completed. (0x12B)
[0126/025122.578:ERROR:process_memory_win.cc(73)] ReadMemory at 0x7ffcb362f978 of 48 bytes failed: Only part of a ReadProcessMemory or WriteProcessMemory request was completed. (0x12B)
[0126/025122.578:ERROR:process_memory_win.cc(73)] ReadMemory at 0x7ffcb36353a0 of 64 bytes failed: Only part of a ReadProcessMemory or WriteProcessMemory request was completed. (0x12B)
[0126/025122.581:ERROR:scoped_process_suspend.cc(40)] NtResumeProcess: An attempt was made to access an exiting process. (0xc000010a)
